Determining if the pthread_create exist failed with the following output:
Change Dir: /home/tongjirc/catkin_ws/build/CMakeFiles/CMakeTmp

Run Build Command:"/usr/bin/make" "cmTC_f6cbe/fast"
/usr/bin/make -f CMakeFiles/cmTC_f6cbe.dir/build.make CMakeFiles/cmTC_f6cbe.dir/build
make[1]: Entering directory '/home/tongjirc/catkin_ws/build/CMakeFiles/CMakeTmp'
Building C object CMakeFiles/cmTC_f6cbe.dir/CheckSymbolExists.c.o
/usr/bin/cc     -o CMakeFiles/cmTC_f6cbe.dir/CheckSymbolExists.c.o   -c /home/tongjirc/catkin_ws/build/CMakeFiles/CMakeTmp/CheckSymbolExists.c
Linking C executable cmTC_f6cbe
/usr/bin/cmake -E cmake_link_script CMakeFiles/cmTC_f6cbe.dir/link.txt --verbose=1
/usr/bin/cc       CMakeFiles/cmTC_f6cbe.dir/CheckSymbolExists.c.o  -o cmTC_f6cbe -rdynamic 
CMakeFiles/cmTC_f6cbe.dir/CheckSymbolExists.c.o：在函数‘main’中：
CheckSymbolExists.c:(.text+0x16)：对‘pthread_create’未定义的引用
collect2: error: ld returned 1 exit status
CMakeFiles/cmTC_f6cbe.dir/build.make:97: recipe for target 'cmTC_f6cbe' failed
make[1]: *** [cmTC_f6cbe] Error 1
make[1]: Leaving directory '/home/tongjirc/catkin_ws/build/CMakeFiles/CMakeTmp'
Makefile:126: recipe for target 'cmTC_f6cbe/fast' failed
make: *** [cmTC_f6cbe/fast] Error 2

File /home/tongjirc/catkin_ws/build/CMakeFiles/CMakeTmp/CheckSymbolExists.c:
/* */
#include <pthread.h>

int main(int argc, char** argv)
{
  (void)argv;
#ifndef pthread_create
  return ((int*)(&pthread_create))[argc];
#else
  (void)argc;
  return 0;
#endif
}

Determining if the function pthread_create exists in the pthreads failed with the following output:
Change Dir: /home/tongjirc/catkin_ws/build/CMakeFiles/CMakeTmp

Run Build Command:"/usr/bin/make" "cmTC_211cf/fast"
/usr/bin/make -f CMakeFiles/cmTC_211cf.dir/build.make CMakeFiles/cmTC_211cf.dir/build
make[1]: Entering directory '/home/tongjirc/catkin_ws/build/CMakeFiles/CMakeTmp'
Building C object CMakeFiles/cmTC_211cf.dir/CheckFunctionExists.c.o
/usr/bin/cc    -DCHECK_FUNCTION_EXISTS=pthread_create   -o CMakeFiles/cmTC_211cf.dir/CheckFunctionExists.c.o   -c /usr/share/cmake-3.5/Modules/CheckFunctionExists.c
Linking C executable cmTC_211cf
/usr/bin/cmake -E cmake_link_script CMakeFiles/cmTC_211cf.dir/link.txt --verbose=1
/usr/bin/cc   -DCHECK_FUNCTION_EXISTS=pthread_create    CMakeFiles/cmTC_211cf.dir/CheckFunctionExists.c.o  -o cmTC_211cf -rdynamic -lpthreads 
/usr/bin/ld: 找不到 -lpthreads
collect2: error: ld returned 1 exit status
CMakeFiles/cmTC_211cf.dir/build.make:97: recipe for target 'cmTC_211cf' failed
make[1]: *** [cmTC_211cf] Error 1
make[1]: Leaving directory '/home/tongjirc/catkin_ws/build/CMakeFiles/CMakeTmp'
Makefile:126: recipe for target 'cmTC_211cf/fast' failed
make: *** [cmTC_211cf/fast] Error 2


Determining if the Q_WS_WIN exist failed with the following output:
Change Dir: /home/tongjirc/catkin_ws/build/CMakeFiles/CMakeTmp

Run Build Command:"/usr/bin/make" "cmTC_1af7d/fast"
/usr/bin/make -f CMakeFiles/cmTC_1af7d.dir/build.make CMakeFiles/cmTC_1af7d.dir/build
make[1]: Entering directory '/home/tongjirc/catkin_ws/build/CMakeFiles/CMakeTmp'
Building CXX object CMakeFiles/cmTC_1af7d.dir/CheckSymbolExists.cxx.o
/usr/bin/c++    -I/usr/include/qt4   -o CMakeFiles/cmTC_1af7d.dir/CheckSymbolExists.cxx.o -c /home/tongjirc/catkin_ws/build/CMakeFiles/CMakeTmp/CheckSymbolExists.cxx
/home/tongjirc/catkin_ws/build/CMakeFiles/CMakeTmp/CheckSymbolExists.cxx: In function ‘int main(int, char**)’:
/home/tongjirc/catkin_ws/build/CMakeFiles/CMakeTmp/CheckSymbolExists.cxx:8:19: error: ‘Q_WS_WIN’ was not declared in this scope
   return ((int*)(&Q_WS_WIN))[argc];
                   ^
CMakeFiles/cmTC_1af7d.dir/build.make:65: recipe for target 'CMakeFiles/cmTC_1af7d.dir/CheckSymbolExists.cxx.o' failed
make[1]: *** [CMakeFiles/cmTC_1af7d.dir/CheckSymbolExists.cxx.o] Error 1
make[1]: Leaving directory '/home/tongjirc/catkin_ws/build/CMakeFiles/CMakeTmp'
Makefile:126: recipe for target 'cmTC_1af7d/fast' failed
make: *** [cmTC_1af7d/fast] Error 2

File /home/tongjirc/catkin_ws/build/CMakeFiles/CMakeTmp/CheckSymbolExists.cxx:
/* */
#include <QtCore/qglobal.h>

int main(int argc, char** argv)
{
  (void)argv;
#ifndef Q_WS_WIN
  return ((int*)(&Q_WS_WIN))[argc];
#else
  (void)argc;
  return 0;
#endif
}

Determining if the Q_WS_QWS exist failed with the following output:
Change Dir: /home/tongjirc/catkin_ws/build/CMakeFiles/CMakeTmp

Run Build Command:"/usr/bin/make" "cmTC_92844/fast"
/usr/bin/make -f CMakeFiles/cmTC_92844.dir/build.make CMakeFiles/cmTC_92844.dir/build
make[1]: Entering directory '/home/tongjirc/catkin_ws/build/CMakeFiles/CMakeTmp'
Building CXX object CMakeFiles/cmTC_92844.dir/CheckSymbolExists.cxx.o
/usr/bin/c++    -I/usr/include/qt4   -o CMakeFiles/cmTC_92844.dir/CheckSymbolExists.cxx.o -c /home/tongjirc/catkin_ws/build/CMakeFiles/CMakeTmp/CheckSymbolExists.cxx
/home/tongjirc/catkin_ws/build/CMakeFiles/CMakeTmp/CheckSymbolExists.cxx: In function ‘int main(int, char**)’:
/home/tongjirc/catkin_ws/build/CMakeFiles/CMakeTmp/CheckSymbolExists.cxx:8:19: error: ‘Q_WS_QWS’ was not declared in this scope
   return ((int*)(&Q_WS_QWS))[argc];
                   ^
CMakeFiles/cmTC_92844.dir/build.make:65: recipe for target 'CMakeFiles/cmTC_92844.dir/CheckSymbolExists.cxx.o' failed
make[1]: *** [CMakeFiles/cmTC_92844.dir/CheckSymbolExists.cxx.o] Error 1
make[1]: Leaving directory '/home/tongjirc/catkin_ws/build/CMakeFiles/CMakeTmp'
Makefile:126: recipe for target 'cmTC_92844/fast' failed
make: *** [cmTC_92844/fast] Error 2

File /home/tongjirc/catkin_ws/build/CMakeFiles/CMakeTmp/CheckSymbolExists.cxx:
/* */
#include <QtCore/qglobal.h>

int main(int argc, char** argv)
{
  (void)argv;
#ifndef Q_WS_QWS
  return ((int*)(&Q_WS_QWS))[argc];
#else
  (void)argc;
  return 0;
#endif
}

Determining if the Q_WS_MAC exist failed with the following output:
Change Dir: /home/tongjirc/catkin_ws/build/CMakeFiles/CMakeTmp

Run Build Command:"/usr/bin/make" "cmTC_74466/fast"
/usr/bin/make -f CMakeFiles/cmTC_74466.dir/build.make CMakeFiles/cmTC_74466.dir/build
make[1]: Entering directory '/home/tongjirc/catkin_ws/build/CMakeFiles/CMakeTmp'
Building CXX object CMakeFiles/cmTC_74466.dir/CheckSymbolExists.cxx.o
/usr/bin/c++    -I/usr/include/qt4   -o CMakeFiles/cmTC_74466.dir/CheckSymbolExists.cxx.o -c /home/tongjirc/catkin_ws/build/CMakeFiles/CMakeTmp/CheckSymbolExists.cxx
/home/tongjirc/catkin_ws/build/CMakeFiles/CMakeTmp/CheckSymbolExists.cxx: In function ‘int main(int, char**)’:
/home/tongjirc/catkin_ws/build/CMakeFiles/CMakeTmp/CheckSymbolExists.cxx:8:19: error: ‘Q_WS_MAC’ was not declared in this scope
   return ((int*)(&Q_WS_MAC))[argc];
                   ^
CMakeFiles/cmTC_74466.dir/build.make:65: recipe for target 'CMakeFiles/cmTC_74466.dir/CheckSymbolExists.cxx.o' failed
make[1]: *** [CMakeFiles/cmTC_74466.dir/CheckSymbolExists.cxx.o] Error 1
make[1]: Leaving directory '/home/tongjirc/catkin_ws/build/CMakeFiles/CMakeTmp'
Makefile:126: recipe for target 'cmTC_74466/fast' failed
make: *** [cmTC_74466/fast] Error 2

File /home/tongjirc/catkin_ws/build/CMakeFiles/CMakeTmp/CheckSymbolExists.cxx:
/* */
#include <QtCore/qglobal.h>

int main(int argc, char** argv)
{
  (void)argv;
#ifndef Q_WS_MAC
  return ((int*)(&Q_WS_MAC))[argc];
#else
  (void)argc;
  return 0;
#endif
}

